[debug] ----------------------------------------------------------------------
[debug] Command:      E:\node.js\node.exe C:\Users\Awais Zaki\AppData\Roaming\npm\node_modules\firebase-tools\bin\firebase deploy
[debug] CLI Version:  3.0.2
[debug] Platform:     win32
[debug] Node Version: v4.4.5
[debug] Time:         Thu Jun 30 2016 19:02:40 GMT-0700 (Pacific Daylight Time)
[debug] ----------------------------------------------------------------------
[debug] 
[debug] > command requires scopes: ["email","openid","https://www.googleapis.com/auth/cloudplatformprojects.readonly","https://www.googleapis.com/auth/firebase"]
[debug] > refreshing access token with scopes: ["email","https://www.googleapis.com/auth/cloudplatformprojects.readonly","https://www.googleapis.com/auth/firebase","openid"]
[debug] >>> HTTP REQUEST POST https://www.googleapis.com/oauth2/v3/token
[debug] <<< HTTP RESPONSE 200
[debug] >>> HTTP REQUEST GET https://admin.firebase.com/v1/projects/the-relegion-of-islam 
[debug] <<< HTTP RESPONSE 200
[debug] >>> HTTP REQUEST GET https://admin.firebase.com/v1/database/the-relegion-of-islam/tokens 
[debug] <<< HTTP RESPONSE 200
[info] 
[info] === Deploying to 'the-relegion-of-islam'...
[info] 
[info] i  deploying database, hosting
[info] i  hosting: preparing public directory for upload...
[debug] >>> HTTP REQUEST PUT https://deploy.firebase.com/v1/hosting/the-relegion-of-islam/uploads/-KLWbp_tKSKYxqBitCqJ?fileCount=68&message= 
